<?xml version="1.0" encoding="UTF-8"?>
<testng-results skipped="0" failed="0" total="1" passed="1">
  <reporter-output>
  </reporter-output>
  <suite name="Default suite" duration-ms="12950" started-at="2016-05-25T16:19:53Z" finished-at="2016-05-25T16:20:06Z">
    <groups>
    </groups>
    <test name="Default test" duration-ms="12950" started-at="2016-05-25T16:19:53Z" finished-at="2016-05-25T16:20:06Z">
      <class name="testngexecution.Vehicle">
        <test-method status="PASS" signature="selectvehicle()[pri:0, instance:testngexecution.Vehicle@5c7fa833]" name="selectvehicle" duration-ms="12926" started-at="2016-05-25T21:49:53Z" finished-at="2016-05-25T21:50:06Z">
          <reporter-output>
          </reporter-output>
        </test-method> <!-- selectvehicle -->
      </class> <!-- testngexecution.Vehicle -->
    </test> <!-- Default test -->
  </suite> <!-- Default suite -->
</testng-results>
